{
  "RSpec": {
    "coverage": {
      "/Users/kzolman/3mod/challenges/market_money_fe/config/environment.rb": {
        "lines": [
          null,
          1,
          null,
          null,
          1
        ]
      },
      "/Users/kzolman/3mod/challenges/market_money_fe/config/application.rb": {
        "lines": [
          1,
          null,
          1,
          null,
          1,
          1,
          1,
          1,
          1,
          1,
          1,
          1,
          1,
          1,
          null,
          null,
          null,
          null,
          1,
          null,
          1,
          1,
          null,
          1,
          null,
          null,
          null,
          null,
          null,
          null,
          null,
          null,
          null,
          null,
          1,
          null,
          null
        ]
      },
      "/Users/kzolman/3mod/challenges/market_money_fe/config/boot.rb": {
        "lines": [
          1,
          null,
          1,
          1
        ]
      },
      "/Users/kzolman/3mod/challenges/market_money_fe/config/environments/test.rb": {
        "lines": [
          1,
          null,
          null,
          null,
          null,
          null,
          null,
          1,
          null,
          null,
          null,
          1,
          null,
          null,
          null,
          null,
          1,
          null,
          null,
          1,
          1,
          null,
          null,
          null,
          null,
          1,
          1,
          1,
          null,
          null,
          1,
          null,
          null,
          1,
          null,
          null,
          1,
          null,
          1,
          null,
          null,
          null,
          null,
          1,
          null,
          null,
          1,
          null,
          null,
          1,
          null,
          null,
          1,
          null,
          null,
          null,
          null,
          null,
          null,
          null
        ]
      },
      "/Users/kzolman/3mod/challenges/market_money_fe/config/initializers/assets.rb": {
        "lines": [
          null,
          null,
          null,
          1,
          null,
          null,
          null,
          null,
          null,
          null,
          null,
          null
        ]
      },
      "/Users/kzolman/3mod/challenges/market_money_fe/config/initializers/content_security_policy.rb": {
        "lines": [
          null,
          null,
          null,
          null,
          null,
          null,
          null,
          null,
          null,
          null,
          null,
          null,
          null,
          null,
          null,
          null,
          null,
          null,
          null,
          null,
          null,
          null,
          null,
          null,
          null
        ]
      },
      "/Users/kzolman/3mod/challenges/market_money_fe/config/initializers/filter_parameter_logging.rb": {
        "lines": [
          null,
          null,
          null,
          null,
          null,
          1,
          null,
          null
        ]
      },
      "/Users/kzolman/3mod/challenges/market_money_fe/config/initializers/inflections.rb": {
        "lines": [
          null,
          null,
          null,
          null,
          null,
          null,
          null,
          null,
          null,
          null,
          null,
          null,
          null,
          null,
          null,
          null
        ]
      },
      "/Users/kzolman/3mod/challenges/market_money_fe/config/initializers/permissions_policy.rb": {
        "lines": [
          null,
          null,
          null,
          null,
          null,
          null,
          null,
          null,
          null,
          null,
          null
        ]
      },
      "/Users/kzolman/3mod/challenges/market_money_fe/config/routes.rb": {
        "lines": [
          1,
          null,
          null,
          null,
          null,
          null,
          null,
          null,
          null,
          1,
          1,
          null
        ]
      },
      "/Users/kzolman/3mod/challenges/market_money_fe/app/helpers/application_helper.rb": {
        "lines": [
          1,
          null
        ]
      },
      "/Users/kzolman/3mod/challenges/market_money_fe/spec/features/markets/show_spec.rb": {
        "lines": [
          1,
          null,
          1,
          1,
          1,
          null,
          1,
          1,
          1,
          null,
          null,
          1,
          1,
          null,
          1,
          null,
          1,
          null,
          1,
          null,
          null
        ]
      },
      "/Users/kzolman/3mod/challenges/market_money_fe/spec/features/vendors/show_spec.rb": {
        "lines": [
          1,
          null,
          1,
          1,
          1,
          null,
          1,
          1,
          1,
          1,
          1,
          null,
          null
        ]
      },
      "/Users/kzolman/3mod/challenges/market_money_fe/app/controllers/markets_controller.rb": {
        "lines": [
          1,
          1,
          3,
          3,
          null,
          null,
          1,
          4,
          4,
          null,
          null
        ]
      },
      "/Users/kzolman/3mod/challenges/market_money_fe/app/controllers/application_controller.rb": {
        "lines": [
          1,
          null
        ]
      },
      "/Users/kzolman/3mod/challenges/market_money_fe/app/facades/markets_facade.rb": {
        "lines": [
          1,
          1,
          3,
          3,
          3,
          2538,
          2538,
          2538,
          null,
          null,
          null,
          1,
          4,
          4,
          4,
          4,
          4,
          4,
          4,
          38,
          38,
          null,
          4,
          null,
          null
        ]
      },
      "/Users/kzolman/3mod/challenges/market_money_fe/app/services/markets_service.rb": {
        "lines": [
          1,
          null,
          1,
          7,
          null,
          null,
          1,
          7,
          7,
          null,
          null,
          1,
          3,
          null,
          null,
          1,
          4,
          null,
          null
        ]
      },
      "/Users/kzolman/3mod/challenges/market_money_fe/app/porors/market.rb": {
        "lines": [
          1,
          1,
          1,
          null,
          null,
          null,
          null,
          null,
          1,
          2542,
          2542,
          2542,
          2542,
          2542,
          2542,
          2542,
          null,
          null
        ]
      },
      "/Users/kzolman/3mod/challenges/market_money_fe/app/facades/vendors_facade.rb": {
        "lines": [
          1,
          1,
          40,
          40,
          40,
          40,
          40,
          null,
          null
        ]
      },
      "/Users/kzolman/3mod/challenges/market_money_fe/app/services/vendors_service.rb": {
        "lines": [
          1,
          null,
          1,
          40,
          null,
          null,
          1,
          40,
          40,
          null,
          null,
          1,
          40,
          null,
          null
        ]
      },
      "/Users/kzolman/3mod/challenges/market_money_fe/app/porors/vendor.rb": {
        "lines": [
          1,
          1,
          1,
          null,
          null,
          null,
          null,
          null,
          1,
          40,
          40,
          40,
          40,
          40,
          40,
          null,
          null
        ]
      },
      "/Users/kzolman/3mod/challenges/market_money_fe/app/controllers/vendors_controller.rb": {
        "lines": [
          1,
          1,
          2,
          2,
          null,
          null
        ]
      }
    },
    "timestamp": 1702572406
  }
}
